http://localhost:8000/, error, 2020-12-23 06:42:17.348838+00:00 
http://localhost:8000/, success, 2020-12-23 06:44:04.528826+00:00 
http://localhost:8000/, success, 2020-12-23 06:45:32.085377+00:00 
http://localhost:8000/admin/, success, 2020-12-23 07:17:20.992686+00:00 
http://localhost:8000/admin/login/?next=/admin/, success, 2020-12-23 07:17:21.039429+00:00 
http://localhost:8000/jet/jsi18n/, success, 2020-12-23 07:17:21.257623+00:00 
http://localhost:8000/admin/login/?next=/admin/, success, 2020-12-23 07:17:25.735757+00:00 
http://localhost:8000/admin/, success, 2020-12-23 07:17:26.009357+00:00 
http://localhost:8000/jet/jsi18n/, success, 2020-12-23 07:17:26.238209+00:00 
http://localhost:8000/jet/dashboard/load_dashboard_module/11/, success, 2020-12-23 07:17:26.341717+00:00 
http://localhost:8000/admin/stories/category/, success, 2020-12-23 07:17:32.249087+00:00 
http://localhost:8000/admin/jsi18n/, success, 2020-12-23 07:17:32.488088+00:00 
http://localhost:8000/jet/jsi18n/, success, 2020-12-23 07:17:32.497117+00:00 
http://localhost:8000/admin/stories/category/8/change/, success, 2020-12-23 07:17:36.659345+00:00 
http://localhost:8000/admin/jsi18n/, success, 2020-12-23 07:17:36.877113+00:00 
http://localhost:8000/jet/jsi18n/, success, 2020-12-23 07:17:36.875515+00:00 
http://localhost:8000/admin/stories/category/8/change/'media/categories_images/Recipes.png'/, success, 2020-12-23 07:17:39.349594+00:00 
http://localhost:8000/admin/stories/category/8/change/'media/categories_images/Recipes.png'/change/, success, 2020-12-23 07:17:39.407569+00:00 
http://localhost:8000/admin/, success, 2020-12-23 07:17:39.465911+00:00 
http://localhost:8000/jet/jsi18n/, success, 2020-12-23 07:17:39.648223+00:00 
http://localhost:8000/jet/dashboard/load_dashboard_module/11/, success, 2020-12-23 07:17:39.723184+00:00 
http://localhost:8000/admin/stories/category/, success, 2020-12-23 07:18:30.207754+00:00 
http://localhost:8000/admin/jsi18n/, success, 2020-12-23 07:18:30.496433+00:00 
http://localhost:8000/jet/jsi18n/, success, 2020-12-23 07:18:30.501042+00:00 
http://localhost:8000/admin/stories/category/, success, 2020-12-23 07:18:37.989265+00:00 
http://localhost:8000/jet/jsi18n/, success, 2020-12-23 07:18:38.213548+00:00 
http://localhost:8000/admin/stories/category/, success, 2020-12-23 07:18:39.251738+00:00 
http://localhost:8000/admin/stories/category/, success, 2020-12-23 07:18:39.393011+00:00 
http://localhost:8000/admin/jsi18n/, success, 2020-12-23 07:18:39.594198+00:00 
http://localhost:8000/jet/jsi18n/, success, 2020-12-23 07:18:39.597643+00:00 
http://localhost:8000/admin/stories/category/, success, 2020-12-23 07:19:21.657342+00:00 
http://localhost:8000/admin/jsi18n/, success, 2020-12-23 07:19:21.857591+00:00 
http://localhost:8000/jet/jsi18n/, success, 2020-12-23 07:19:21.861166+00:00 
http://localhost:8000/admin/stories/category/10/change/, success, 2020-12-23 07:19:25.427552+00:00 
http://localhost:8000/jet/jsi18n/, success, 2020-12-23 07:19:25.613851+00:00 
http://localhost:8000/admin/jsi18n/, success, 2020-12-23 07:19:25.614750+00:00 
http://localhost:8000/admin/stories/category/10/change/media/categories_images/Recipes.png/, success, 2020-12-23 07:19:27.104317+00:00 
http://localhost:8000/admin/stories/category/10/change/media/categories_images/Recipes.png/change/, success, 2020-12-23 07:19:27.152575+00:00 
http://localhost:8000/admin/, success, 2020-12-23 07:19:27.204673+00:00 
http://localhost:8000/jet/jsi18n/, success, 2020-12-23 07:19:27.360333+00:00 
http://localhost:8000/jet/dashboard/load_dashboard_module/11/, success, 2020-12-23 07:19:27.437075+00:00 
http://localhost:8000/admin/stories/category/, success, 2020-12-23 07:20:05.030483+00:00 
http://localhost:8000/admin/jsi18n/, success, 2020-12-23 07:20:05.233979+00:00 
http://localhost:8000/jet/jsi18n/, success, 2020-12-23 07:20:05.238822+00:00 
http://localhost:8000/admin/stories/category/, success, 2020-12-23 07:20:11.856810+00:00 
http://localhost:8000/jet/jsi18n/, success, 2020-12-23 07:20:12.012200+00:00 
http://localhost:8000/admin/stories/category/, success, 2020-12-23 07:20:13.165785+00:00 
http://localhost:8000/admin/stories/category/, success, 2020-12-23 07:20:13.304602+00:00 
http://localhost:8000/admin/jsi18n/, success, 2020-12-23 07:20:13.500296+00:00 
http://localhost:8000/jet/jsi18n/, success, 2020-12-23 07:20:13.503041+00:00 
http://localhost:8000/admin/stories/category/, success, 2020-12-23 07:20:26.159180+00:00 
http://localhost:8000/jet/jsi18n/, success, 2020-12-23 07:20:26.321901+00:00 
http://localhost:8000/admin/stories/category/, success, 2020-12-23 07:20:27.371338+00:00 
http://localhost:8000/admin/stories/category/, success, 2020-12-23 07:20:27.489463+00:00 
http://localhost:8000/admin/jsi18n/, success, 2020-12-23 07:20:27.655857+00:00 
http://localhost:8000/jet/jsi18n/, success, 2020-12-23 07:20:27.658471+00:00 
http://localhost:8000/admin/stories/category/, success, 2020-12-23 07:20:31.981908+00:00 
http://localhost:8000/admin/jsi18n/, success, 2020-12-23 07:20:32.161716+00:00 
http://localhost:8000/jet/jsi18n/, success, 2020-12-23 07:20:32.163287+00:00 
http://localhost:8000/admin/stories/category/17/change/, success, 2020-12-23 07:20:34.174942+00:00 
http://localhost:8000/jet/jsi18n/, success, 2020-12-23 07:20:34.420923+00:00 
http://localhost:8000/admin/jsi18n/, success, 2020-12-23 07:20:34.424158+00:00 
http://localhost:8000/admin/stories/category/17/change/categories_images/Recipes.png/, success, 2020-12-23 07:20:36.129705+00:00 
http://localhost:8000/admin/stories/category/17/change/categories_images/Recipes.png/change/, success, 2020-12-23 07:20:36.181317+00:00 
http://localhost:8000/admin/, success, 2020-12-23 07:20:36.230579+00:00 
http://localhost:8000/jet/jsi18n/, success, 2020-12-23 07:20:36.382423+00:00 
http://localhost:8000/jet/dashboard/load_dashboard_module/11/, success, 2020-12-23 07:20:36.456836+00:00 
http://localhost:8000/admin/stories/category/17/change/, success, 2020-12-23 07:20:41.931001+00:00 
http://localhost:8000/admin/stories/category/, success, 2020-12-23 07:20:43.350656+00:00 
http://localhost:8000/admin/stories/category/2/change/, success, 2020-12-23 07:20:45.322662+00:00 
http://localhost:8000/jet/jsi18n/, success, 2020-12-23 07:20:45.503854+00:00 
http://localhost:8000/admin/jsi18n/, success, 2020-12-23 07:20:45.504824+00:00 
http://localhost:8000/admin/stories/category/, success, 2020-12-23 07:20:47.841504+00:00 
http://localhost:8000/admin/stories/category/1/change/, success, 2020-12-23 07:20:49.219919+00:00 
http://localhost:8000/admin/jsi18n/, success, 2020-12-23 07:20:49.400335+00:00 
http://localhost:8000/jet/jsi18n/, success, 2020-12-23 07:20:49.399133+00:00 
http://localhost:8000/admin/stories/category/1/change/media/categories_images/Screen_Shot_2020-12-20_at_18.12.17.png/, success, 2020-12-23 07:20:51.869847+00:00 
http://localhost:8000/admin/stories/category/1/change/media/categories_images/Screen_Shot_2020-12-20_at_18.12.17.png/change/, success, 2020-12-23 07:20:51.919101+00:00 
http://localhost:8000/admin/, success, 2020-12-23 07:20:51.965825+00:00 
http://localhost:8000/jet/jsi18n/, success, 2020-12-23 07:20:52.135958+00:00 
http://localhost:8000/jet/dashboard/load_dashboard_module/11/, success, 2020-12-23 07:20:52.210021+00:00 
http://localhost:8000/admin/stories/category/, success, 2020-12-23 07:21:00.240236+00:00 
http://localhost:8000/jet/jsi18n/, success, 2020-12-23 07:21:00.415435+00:00 
http://localhost:8000/admin/jsi18n/, success, 2020-12-23 07:21:00.414253+00:00 
http://localhost:8000/admin/stories/category/add/, success, 2020-12-23 07:21:01.708369+00:00 
http://localhost:8000/jet/jsi18n/, success, 2020-12-23 07:21:01.856449+00:00 
http://localhost:8000/admin/jsi18n/, success, 2020-12-23 07:21:01.858465+00:00 
http://localhost:8000/admin/stories/category/, success, 2020-12-23 07:22:10.972813+00:00 
http://localhost:8000/test/, success, 2020-12-23 07:41:48.102908+00:00 
http://localhost:8000/test/, error, 2020-12-23 07:41:48.191369+00:00 
http://localhost:8000/admin/, success, 2020-12-24 06:07:14.041741+00:00 
http://localhost:8000/admin/login/?next=/admin/, success, 2020-12-24 06:07:14.082321+00:00 
http://localhost:8000/jet/jsi18n/, success, 2020-12-24 06:07:14.270781+00:00 
http://localhost:8000/admin/, success, 2020-12-24 06:07:14.278494+00:00 
http://localhost:8000/admin/login/?next=/admin/, success, 2020-12-24 06:07:14.302516+00:00 
http://localhost:8000/admin/login/?next=/admin/, success, 2020-12-24 06:07:16.230733+00:00 
http://localhost:8000/jet/jsi18n/, success, 2020-12-24 06:07:16.333493+00:00 
http://localhost:8000/admin/login/?next=/admin/, success, 2020-12-24 06:07:22.306473+00:00 
http://localhost:8000/admin/, success, 2020-12-24 06:07:22.616636+00:00 
http://localhost:8000/jet/jsi18n/, success, 2020-12-24 06:07:22.849886+00:00 
http://localhost:8000/jet/dashboard/load_dashboard_module/11/, success, 2020-12-24 06:07:22.971433+00:00 
http://localhost:8000/, success, 2020-12-24 06:08:03.964879+00:00 
http://localhost:8000/, success, 2020-12-24 06:08:07.037926+00:00 
http://localhost:8000/, success, 2020-12-24 06:08:08.224993+00:00 
http://localhost:8000/admin/, success, 2020-12-24 06:11:44.077977+00:00 
http://localhost:8000/jet/jsi18n/, success, 2020-12-24 06:11:44.317888+00:00 
http://localhost:8000/jet/dashboard/load_dashboard_module/11/, success, 2020-12-24 06:11:44.418627+00:00 
http://localhost:8000/admin/, success, 2020-12-24 06:11:46.407146+00:00 
http://localhost:8000/jet/jsi18n/, success, 2020-12-24 06:11:46.573025+00:00 
http://localhost:8000/jet/dashboard/load_dashboard_module/11/, success, 2020-12-24 06:11:46.655793+00:00 
http://localhost:8000/admin/stories/author/, success, 2020-12-24 06:11:49.859078+00:00 
http://localhost:8000/admin/jsi18n/, success, 2020-12-24 06:11:50.047558+00:00 
http://localhost:8000/jet/jsi18n/, success, 2020-12-24 06:11:50.049112+00:00 
http://localhost:8000/admin/stories/author/add/, success, 2020-12-24 06:11:52.431432+00:00 
http://localhost:8000/jet/jsi18n/, success, 2020-12-24 06:11:52.609405+00:00 
http://localhost:8000/admin/jsi18n/, success, 2020-12-24 06:11:52.610584+00:00 
http://localhost:8000/admin/stories/author/add/, success, 2020-12-24 06:11:58.000812+00:00 
http://localhost:8000/jet/jsi18n/, success, 2020-12-24 06:11:58.184443+00:00 
http://localhost:8000/admin/jsi18n/, success, 2020-12-24 06:11:58.185539+00:00 
http://localhost:8000/, success, 2020-12-24 06:21:35.892390+00:00 
http://localhost:8000/, success, 2020-12-24 06:21:36.432048+00:00 
http://localhost:8000/admin/stories/author/add/, success, 2020-12-24 06:22:11.705435+00:00 
http://localhost:8000/jet/jsi18n/, success, 2020-12-24 06:22:12.009710+00:00 
http://localhost:8000/admin/jsi18n/, success, 2020-12-24 06:22:12.011230+00:00 
http://localhost:8000/admin/, success, 2020-12-24 06:24:17.979609+00:00 
http://localhost:8000/jet/jsi18n/, success, 2020-12-24 06:24:18.267645+00:00 
http://localhost:8000/jet/dashboard/load_dashboard_module/11/, success, 2020-12-24 06:24:18.425053+00:00 
http://localhost:8000/admin/stories/author/, success, 2020-12-24 06:25:06.042738+00:00 
http://localhost:8000/admin/jsi18n/, success, 2020-12-24 06:25:06.209967+00:00 
http://localhost:8000/jet/jsi18n/, success, 2020-12-24 06:25:06.214347+00:00 
http://localhost:8000/admin/, success, 2020-12-24 06:25:10.073106+00:00 
http://localhost:8000/admin/, success, 2020-12-24 06:25:11.226795+00:00 
http://localhost:8000/jet/jsi18n/, success, 2020-12-24 06:25:11.422986+00:00 
http://localhost:8000/jet/dashboard/load_dashboard_module/11/, success, 2020-12-24 06:25:11.499154+00:00 
http://localhost:8000/admin/, success, 2020-12-24 06:25:12.027923+00:00 
http://localhost:8000/jet/jsi18n/, success, 2020-12-24 06:25:12.217039+00:00 
http://localhost:8000/jet/dashboard/load_dashboard_module/11/, success, 2020-12-24 06:25:12.291256+00:00 
http://localhost:8000/admin/stories/author/, success, 2020-12-24 06:25:13.640340+00:00 
http://localhost:8000/jet/jsi18n/, success, 2020-12-24 06:25:13.798690+00:00 
http://localhost:8000/admin/jsi18n/, success, 2020-12-24 06:25:13.797767+00:00 
http://localhost:8000/admin/stories/recipe/, success, 2020-12-24 06:26:41.467801+00:00 
http://localhost:8000/admin/jsi18n/, success, 2020-12-24 06:26:41.689785+00:00 
http://localhost:8000/jet/jsi18n/, success, 2020-12-24 06:26:41.691128+00:00 
http://localhost:8000/admin/stories/recipe/1/change/, success, 2020-12-24 06:26:43.724942+00:00 
http://localhost:8000/jet/jsi18n/, success, 2020-12-24 06:26:44.153602+00:00 
http://localhost:8000/admin/jsi18n/, success, 2020-12-24 06:26:44.155973+00:00 
http://localhost:8000/admin/, success, 2020-12-24 06:29:38.516233+00:00 
http://localhost:8000/jet/jsi18n/, success, 2020-12-24 06:29:38.694711+00:00 
http://localhost:8000/jet/dashboard/load_dashboard_module/11/, success, 2020-12-24 06:29:38.820514+00:00 
http://localhost:8000/, success, 2020-12-24 06:36:12.398466+00:00 
http://localhost:8000/, success, 2020-12-24 06:36:13.336460+00:00 
http://localhost:8000/, success, 2020-12-24 06:37:38.939589+00:00 
http://localhost:8000/admin/, success, 2020-12-24 06:53:42.476514+00:00 
http://localhost:8000/jet/jsi18n/, success, 2020-12-24 06:53:42.760549+00:00 
http://localhost:8000/jet/dashboard/load_dashboard_module/11/, success, 2020-12-24 06:53:42.917514+00:00 
http://localhost:8000/admin/stories/recipe/, success, 2020-12-24 06:53:46.757389+00:00 
http://localhost:8000/admin/jsi18n/, success, 2020-12-24 06:53:46.980682+00:00 
http://localhost:8000/jet/jsi18n/, success, 2020-12-24 06:53:46.985097+00:00 
http://localhost:8000/admin/stories/recipe/add/, success, 2020-12-24 06:53:51.400453+00:00 
http://localhost:8000/jet/jsi18n/, success, 2020-12-24 06:53:51.736416+00:00 
http://localhost:8000/admin/jsi18n/, success, 2020-12-24 06:53:51.737717+00:00 
http://localhost:8000/admin/stories/recipe/add/, success, 2020-12-24 06:54:41.314958+00:00 
http://localhost:8000/admin/jsi18n/, success, 2020-12-24 06:54:41.717094+00:00 
http://localhost:8000/jet/jsi18n/, success, 2020-12-24 06:54:41.705681+00:00 
http://localhost:8000/admin/stories/recipe/, success, 2020-12-24 06:54:52.044325+00:00 
http://localhost:8000/admin/jsi18n/, success, 2020-12-24 06:54:52.217562+00:00 
http://localhost:8000/jet/jsi18n/, success, 2020-12-24 06:54:52.219664+00:00 
http://localhost:8000/admin/stories/recipe/, success, 2020-12-24 06:54:53.593834+00:00 
http://localhost:8000/admin/jsi18n/, success, 2020-12-24 06:54:53.780378+00:00 
http://localhost:8000/jet/jsi18n/, success, 2020-12-24 06:54:53.781470+00:00 
http://localhost:8000/admin/stories/recipe/, success, 2020-12-24 06:55:00.634248+00:00 
http://localhost:8000/admin/jsi18n/, success, 2020-12-24 06:55:00.858126+00:00 
http://localhost:8000/jet/jsi18n/, success, 2020-12-24 06:55:00.859274+00:00 
http://localhost:8000/admin/stories/recipe/3/change/, success, 2020-12-24 06:55:39.501327+00:00 
http://localhost:8000/admin/jsi18n/, success, 2020-12-24 06:55:40.080040+00:00 
http://localhost:8000/jet/jsi18n/, success, 2020-12-24 06:55:40.078397+00:00 
http://localhost:8000/admin/stories/recipe/3/change/, success, 2020-12-24 06:56:04.377243+00:00 
http://localhost:8000/admin/stories/recipe/, success, 2020-12-24 06:56:04.562975+00:00 
http://localhost:8000/admin/jsi18n/, success, 2020-12-24 06:56:04.766919+00:00 
http://localhost:8000/jet/jsi18n/, success, 2020-12-24 06:56:04.769093+00:00 
http://localhost:8000/admin/stories/recipe/3/change/, success, 2020-12-24 06:56:07.190089+00:00 
http://localhost:8000/admin/jsi18n/, success, 2020-12-24 06:56:07.559559+00:00 
http://localhost:8000/jet/jsi18n/, success, 2020-12-24 06:56:07.558305+00:00 
http://localhost:8000/admin/stories/recipe/, success, 2020-12-24 06:56:08.634158+00:00 
http://localhost:8000/admin/stories/recipe/, success, 2020-12-24 06:56:38.574325+00:00 
http://localhost:8000/admin/jsi18n/, success, 2020-12-24 06:56:38.766208+00:00 
http://localhost:8000/jet/jsi18n/, success, 2020-12-24 06:56:38.770556+00:00 
http://localhost:8000/recipes/, success, 2020-12-24 06:57:07.185726+00:00 
http://localhost:8000/recipes/, error, 2020-12-24 06:57:07.250063+00:00 
http://localhost:8000/recipes/, success, 2020-12-24 06:57:34.737993+00:00 
http://localhost:8000/recipes/, success, 2020-12-24 06:58:10.961970+00:00 
http://localhost:8000/recipes/, success, 2020-12-24 06:59:16.463291+00:00 
http://localhost:8000/recipes/, success, 2020-12-24 06:59:27.711903+00:00 
http://localhost:8000/recipes/, success, 2020-12-24 06:59:40.052396+00:00 
http://localhost:8000/recipes/, success, 2020-12-24 06:59:49.048620+00:00 
http://localhost:8000/az/recipes/, success, 2020-12-24 07:01:44.379420+00:00 
http://localhost:8000/az/recipes/, success, 2020-12-24 07:02:03.424904+00:00 
http://localhost:8000/az/recipes/, success, 2020-12-24 07:04:59.682506+00:00 
http://localhost:8000/en/, success, 2020-12-24 07:08:39.783293+00:00 
http://localhost:8000/az/, success, 2020-12-24 07:08:43.882938+00:00 
http://localhost:8000/az/recipes/, success, 2020-12-24 07:08:50.534841+00:00 
http://localhost:8000/en/recipes/, success, 2020-12-24 07:08:56.303842+00:00 
http://localhost:8000/az/recipes/, success, 2020-12-24 07:09:24.001367+00:00 
http://localhost:8000/en/recipes/, success, 2020-12-24 07:09:43.439746+00:00 
http://localhost:8000/en/, success, 2020-12-24 07:09:47.459215+00:00 
http://localhost:8000/en/, success, 2020-12-24 07:09:54.360230+00:00 
http://localhost:8000/en/, success, 2020-12-24 07:10:11.291482+00:00 
http://localhost:8000/az/, success, 2020-12-24 07:10:22.681818+00:00 
http://localhost:8000/az/recipes/, success, 2020-12-24 07:10:24.337069+00:00 
http://localhost:8000/az/recipes/, success, 2020-12-24 07:10:28.635150+00:00 
http://localhost:8000/az/recipes/, success, 2020-12-24 07:12:59.958144+00:00 
http://localhost:8000/az/recipes/, success, 2020-12-24 07:17:08.282266+00:00 
http://localhost:8000/i18n/setlang/, success, 2020-12-24 07:17:12.488272+00:00 
http://localhost:8000/en/recipes/, success, 2020-12-24 07:17:12.551387+00:00 
http://localhost:8000/i18n/setlang/, success, 2020-12-24 07:17:16.397024+00:00 
http://localhost:8000/az/recipes/, success, 2020-12-24 07:17:16.462439+00:00 
http://localhost:8000/az/recipes/, success, 2020-12-24 07:17:53.875646+00:00 
http://localhost:8000/i18n/setlang/, success, 2020-12-24 07:17:57.106573+00:00 
http://localhost:8000/en/recipes/, success, 2020-12-24 07:17:57.170244+00:00 
http://localhost:8000/i18n/setlang/, success, 2020-12-24 07:17:59.955245+00:00 
http://localhost:8000/az/recipes/, success, 2020-12-24 07:18:00.017886+00:00 
http://localhost:8000/az/recipes/, success, 2020-12-24 07:18:05.308692+00:00 
http://localhost:8000/i18n/setlang/, success, 2020-12-24 07:18:08.374456+00:00 
http://localhost:8000/en/recipes/, success, 2020-12-24 07:18:08.468688+00:00 
http://localhost:8000/i18n/setlang/, success, 2020-12-24 07:18:12.158710+00:00 
http://localhost:8000/az/recipes/, success, 2020-12-24 07:18:12.216177+00:00 
http://localhost:8000/az/recipes/, success, 2020-12-24 07:18:36.162137+00:00 
http://localhost:8000/i18n/setlang/, success, 2020-12-24 07:18:39.143289+00:00 
http://localhost:8000/en/recipes/, success, 2020-12-24 07:18:39.207098+00:00 
http://localhost:8000/i18n/setlang/, success, 2020-12-24 07:18:44.576868+00:00 
http://localhost:8000/az/recipes/, success, 2020-12-24 07:18:44.652190+00:00 
http://localhost:8000/az/recipes/, success, 2020-12-24 07:20:15.222688+00:00 
http://localhost:8000/i18n/setlang/?en, success, 2020-12-24 07:20:17.447018+00:00 
http://localhost:8000/az/recipes/, success, 2020-12-24 07:20:17.453927+00:00 
http://localhost:8000/i18n/setlang/?az, success, 2020-12-24 07:20:19.107148+00:00 
http://localhost:8000/az/recipes/, success, 2020-12-24 07:20:19.114427+00:00 
http://localhost:8000/i18n/setlang/?en, success, 2020-12-24 07:20:20.478604+00:00 
http://localhost:8000/az/recipes/, success, 2020-12-24 07:20:20.488309+00:00 
http://localhost:8000/i18n/setlang/?az, success, 2020-12-24 07:20:21.622470+00:00 
http://localhost:8000/az/recipes/, success, 2020-12-24 07:20:21.631847+00:00 
http://localhost:8000/i18n/setlang/?en, success, 2020-12-24 07:20:25.140946+00:00 
http://localhost:8000/az/recipes/, success, 2020-12-24 07:20:25.145956+00:00 
http://localhost:8000/i18n/setlang/?az, success, 2020-12-24 07:20:27.420613+00:00 
http://localhost:8000/az/recipes/, success, 2020-12-24 07:20:27.427473+00:00 
http://localhost:8000/i18n/setlang/, success, 2020-12-24 07:20:37.410476+00:00 
http://localhost:8000/az/, success, 2020-12-24 07:20:37.431113+00:00 
http://localhost:8000/i18n/setlang/?az, success, 2020-12-24 07:20:40.382662+00:00 
http://localhost:8000/az/, success, 2020-12-24 07:20:40.388327+00:00 
http://localhost:8000/i18n/setlang/?en, success, 2020-12-24 07:20:41.479797+00:00 
http://localhost:8000/az/, success, 2020-12-24 07:20:41.489945+00:00 
http://localhost:8000/az/, success, 2020-12-24 07:21:26.488603+00:00 
http://localhost:8000/i18n/setlang/, success, 2020-12-24 07:21:28.210857+00:00 
http://localhost:8000/az/, success, 2020-12-24 07:21:28.291028+00:00 
http://localhost:8000/i18n/setlang/, success, 2020-12-24 07:21:29.258950+00:00 
http://localhost:8000/en/, success, 2020-12-24 07:21:29.333255+00:00 
http://localhost:8000/en/recipes/, success, 2020-12-24 07:21:30.781414+00:00 
http://localhost:8000/i18n/setlang/, success, 2020-12-24 07:21:34.002451+00:00 
http://localhost:8000/az/recipes/, success, 2020-12-24 07:21:34.075328+00:00 
http://localhost:8000/i18n/setlang/, success, 2020-12-24 07:21:35.163215+00:00 
http://localhost:8000/en/recipes/, success, 2020-12-24 07:21:35.237709+00:00 
http://localhost:8000/i18n/setlang/, success, 2020-12-24 07:21:45.394995+00:00 
http://localhost:8000/az/recipes/, success, 2020-12-24 07:21:45.452506+00:00 
http://localhost:8000/i18n/setlang/, success, 2020-12-24 07:21:49.261338+00:00 
http://localhost:8000/en/recipes/, success, 2020-12-24 07:21:49.318619+00:00 
http://localhost:8000/en/recipes/, success, 2020-12-24 07:22:16.001357+00:00 
http://localhost:8000/en/recipes/, success, 2020-12-24 07:22:34.285514+00:00 
http://localhost:8000/en/recipes/, success, 2020-12-24 07:22:37.504266+00:00 
http://localhost:8000/en/recipes/, success, 2020-12-24 07:22:44.106229+00:00 
http://localhost:8000/en/recipes/, success, 2020-12-24 07:22:55.864285+00:00 
http://localhost:8000/rosetta/, success, 2020-12-24 07:26:22.677340+00:00 
http://localhost:8000/rosetta/files/project/, success, 2020-12-24 07:26:22.704153+00:00 
http://localhost:8000/rosetta/files/project/, success, 2020-12-24 07:26:24.823808+00:00 
http://localhost:8000/rosetta/files/project/, success, 2020-12-24 07:26:26.022151+00:00 
http://localhost:8000/rosetta/files/project/, success, 2020-12-24 07:26:45.325701+00:00 
http://localhost:8000/rosetta/files/project/, success, 2020-12-24 07:26:46.369423+00:00 
http://localhost:8000/rosetta/files/project/, success, 2020-12-24 07:26:46.855826+00:00 
http://localhost:8000/admin/stories/recipe/3/change/, success, 2020-12-24 07:27:41.421480+00:00 
http://localhost:8000/jet/jsi18n/, success, 2020-12-24 07:27:41.932438+00:00 
http://localhost:8000/admin/jsi18n/, success, 2020-12-24 07:27:41.937930+00:00 
http://localhost:8000/rosetta/files/project/, success, 2020-12-24 07:29:00.054169+00:00 
http://localhost:8000/rosetta/files/project/, error, 2020-12-24 07:29:00.122049+00:00 
http://localhost:8000/rosetta/files/project/, success, 2020-12-24 07:30:21.706520+00:00 
http://localhost:8000/rosetta/files/project/, error, 2020-12-24 07:30:21.796232+00:00 
http://localhost:8000/rosetta/files/project/, success, 2020-12-24 07:32:03.802586+00:00 
http://localhost:8000/jet/jsi18n/, success, 2020-12-24 07:32:04.008329+00:00 
http://localhost:8000/rosetta/files/project/az/0/, success, 2020-12-24 07:32:13.440168+00:00 
http://localhost:8000/jet/jsi18n/, success, 2020-12-24 07:32:13.567523+00:00 
http://localhost:8000/rosetta/files/project/, success, 2020-12-24 07:32:18.965950+00:00 
http://localhost:8000/rosetta/files/project/az/0/, success, 2020-12-24 07:32:26.623805+00:00 
http://localhost:8000/jet/jsi18n/, success, 2020-12-24 07:32:26.766765+00:00 
http://localhost:8000/admin/stories/recipe/, success, 2020-12-24 07:32:34.875547+00:00 
http://localhost:8000/admin/jsi18n/, success, 2020-12-24 07:32:35.287797+00:00 
http://localhost:8000/jet/jsi18n/, success, 2020-12-24 07:32:35.290839+00:00 
http://localhost:8000/rosetta/files/project/az/0/?query=owner&s=Go, success, 2020-12-24 07:32:41.047245+00:00 
http://localhost:8000/jet/jsi18n/, success, 2020-12-24 07:32:41.164800+00:00 
http://localhost:8000/rosetta/files/project/az/0/?query=Owner&s=Go, success, 2020-12-24 07:32:44.456860+00:00 
http://localhost:8000/jet/jsi18n/, success, 2020-12-24 07:32:44.580334+00:00 
http://localhost:8000/rosetta/files/project/az/0/?query=Owner&s=Go, success, 2020-12-24 07:32:45.990114+00:00 
http://localhost:8000/jet/jsi18n/, success, 2020-12-24 07:32:46.117724+00:00 
http://localhost:8000/admin/stories/recipe/, success, 2020-12-24 07:32:58.890155+00:00 
http://localhost:8000/admin/jsi18n/, success, 2020-12-24 07:32:59.056273+00:00 
http://localhost:8000/jet/jsi18n/, success, 2020-12-24 07:32:59.057897+00:00 
http://localhost:8000/rosetta/, success, 2020-12-24 07:33:07.957849+00:00 
http://localhost:8000/rosetta/files/project/, success, 2020-12-24 07:33:07.963949+00:00 
http://localhost:8000/jet/jsi18n/, success, 2020-12-24 07:33:08.119842+00:00 
http://localhost:8000/rosetta/files/project/az/0/, success, 2020-12-24 07:33:11.000033+00:00 
http://localhost:8000/jet/jsi18n/, success, 2020-12-24 07:33:11.228153+00:00 
http://localhost:8000/rosetta/files/project/az/0/?query=Owner&s=Go, success, 2020-12-24 07:33:19.643186+00:00 
http://localhost:8000/jet/jsi18n/, success, 2020-12-24 07:33:19.785921+00:00 
http://localhost:8000/rosetta/files/project/az/0/?query=Users&s=Go, success, 2020-12-24 07:33:30.254519+00:00 
http://localhost:8000/jet/jsi18n/, success, 2020-12-24 07:33:30.386796+00:00 
http://localhost:8000/rosetta/files/project/az/0/?query=Users&s=Go, success, 2020-12-24 07:34:07.557947+00:00 
http://localhost:8000/rosetta/files/project/az/0/?query=Users&ref_lang=msgid&page=1, success, 2020-12-24 07:34:07.616646+00:00 
http://localhost:8000/jet/jsi18n/, success, 2020-12-24 07:34:07.794405+00:00 
http://localhost:8000/admin/stories/author/, success, 2020-12-24 07:34:14.697118+00:00 
http://localhost:8000/jet/jsi18n/, success, 2020-12-24 07:34:14.960854+00:00 
http://localhost:8000/admin/jsi18n/, success, 2020-12-24 07:34:14.960216+00:00 
http://localhost:8000/admin/stories/, success, 2020-12-24 07:34:17.124968+00:00 
http://localhost:8000/jet/jsi18n/, success, 2020-12-24 07:34:17.302088+00:00 
http://localhost:8000/admin/stories/, success, 2020-12-24 07:34:54.731092+00:00 
http://localhost:8000/jet/jsi18n/, success, 2020-12-24 07:34:55.021703+00:00 
http://localhost:8000/admin/stories/, success, 2020-12-24 07:34:56.277088+00:00 
http://localhost:8000/jet/jsi18n/, success, 2020-12-24 07:34:56.431470+00:00 
http://localhost:8000/admin/stories/, success, 2020-12-24 07:34:57.922188+00:00 
http://localhost:8000/jet/jsi18n/, success, 2020-12-24 07:34:58.049221+00:00 
http://localhost:8000/rosetta/files/project/, success, 2020-12-24 07:36:23.365844+00:00 
http://localhost:8000/jet/jsi18n/, success, 2020-12-24 07:36:23.564811+00:00 
http://localhost:8000/rosetta/files/project/az/0/, success, 2020-12-24 07:36:24.930888+00:00 
http://localhost:8000/jet/jsi18n/, success, 2020-12-24 07:36:25.061072+00:00 
http://localhost:8000/admin/stories/recipe/, success, 2020-12-24 07:36:29.587617+00:00 
http://localhost:8000/admin/jsi18n/, success, 2020-12-24 07:36:29.783343+00:00 
http://localhost:8000/jet/jsi18n/, success, 2020-12-24 07:36:29.784282+00:00 
http://localhost:8000/admin/stories/, success, 2020-12-24 07:36:31.453391+00:00 
http://localhost:8000/admin/stories/recipe/, success, 2020-12-24 07:36:32.167880+00:00 
http://localhost:8000/admin/stories/recipe/3/change/, success, 2020-12-24 07:36:33.135855+00:00 
http://localhost:8000/jet/jsi18n/, success, 2020-12-24 07:36:33.516492+00:00 
http://localhost:8000/admin/jsi18n/, success, 2020-12-24 07:36:33.517574+00:00 
http://localhost:8000/admin/stories/recipe/3/change/, success, 2020-12-24 07:37:31.436557+00:00 
http://localhost:8000/jet/jsi18n/, success, 2020-12-24 07:37:31.881647+00:00 
http://localhost:8000/admin/jsi18n/, success, 2020-12-24 07:37:31.885350+00:00 
http://localhost:8000/admin/stories/recipe/3/change/, success, 2020-12-24 07:37:40.078735+00:00 
http://localhost:8000/jet/jsi18n/, success, 2020-12-24 07:37:40.518425+00:00 
http://localhost:8000/admin/jsi18n/, success, 2020-12-24 07:37:40.519863+00:00 
http://localhost:8000/admin/stories/recipe/3/change/, success, 2020-12-24 07:37:59.182427+00:00 
http://localhost:8000/jet/jsi18n/, success, 2020-12-24 07:37:59.584340+00:00 
http://localhost:8000/admin/jsi18n/, success, 2020-12-24 07:37:59.587174+00:00 
http://localhost:8000/rosetta/files/project/az/0/?query=Category&s=Go, success, 2020-12-24 07:38:11.894551+00:00 
http://localhost:8000/jet/jsi18n/, success, 2020-12-24 07:38:12.015673+00:00 
http://localhost:8000/rosetta/files/project/az/0/?query=Category&s=Go, success, 2020-12-24 07:38:20.107104+00:00 
http://localhost:8000/rosetta/files/project/az/0/?query=Category&ref_lang=msgid&page=1, success, 2020-12-24 07:38:20.170418+00:00 
http://localhost:8000/jet/jsi18n/, success, 2020-12-24 07:38:20.308801+00:00 
http://localhost:8000/admin/stories/recipe/3/change/, success, 2020-12-24 07:38:23.282129+00:00 
http://localhost:8000/jet/jsi18n/, success, 2020-12-24 07:38:23.613410+00:00 
http://localhost:8000/admin/jsi18n/, success, 2020-12-24 07:38:23.614659+00:00 
http://localhost:8000/admin/stories/recipe/3/change/, success, 2020-12-24 07:38:24.642700+00:00 
http://localhost:8000/jet/jsi18n/, success, 2020-12-24 07:38:25.053934+00:00 
http://localhost:8000/admin/jsi18n/, success, 2020-12-24 07:38:25.054697+00:00 
http://localhost:8000/admin/stories/recipe/3/change/, success, 2020-12-24 07:38:25.109217+00:00 
http://localhost:8000/jet/jsi18n/, success, 2020-12-24 07:38:25.508170+00:00 
http://localhost:8000/admin/jsi18n/, success, 2020-12-24 07:38:25.509312+00:00 
http://localhost:8000/admin/stories/recipe/3/change/, success, 2020-12-24 07:38:25.527951+00:00 
http://localhost:8000/jet/jsi18n/, success, 2020-12-24 07:38:25.908893+00:00 
http://localhost:8000/admin/jsi18n/, success, 2020-12-24 07:38:25.909583+00:00 
http://localhost:8000/admin/stories/recipe/3/change/, success, 2020-12-24 07:38:26.038863+00:00 
http://localhost:8000/jet/jsi18n/, success, 2020-12-24 07:38:26.434908+00:00 
http://localhost:8000/admin/jsi18n/, success, 2020-12-24 07:38:26.435594+00:00 
http://localhost:8000/admin/stories/recipe/3/change/, success, 2020-12-24 07:38:54.233112+00:00 
http://localhost:8000/admin/jsi18n/, success, 2020-12-24 07:38:54.582535+00:00 
http://localhost:8000/jet/jsi18n/, success, 2020-12-24 07:38:54.583625+00:00 
http://localhost:8000/admin/stories/recipe/3/change/, success, 2020-12-24 07:38:56.174242+00:00 
http://localhost:8000/jet/jsi18n/, success, 2020-12-24 07:38:56.502963+00:00 
http://localhost:8000/admin/jsi18n/, success, 2020-12-24 07:38:56.503841+00:00 
http://localhost:8000/admin/stories/recipe/3/change/, success, 2020-12-24 07:38:58.350569+00:00 
http://localhost:8000/jet/jsi18n/, success, 2020-12-24 07:38:58.684424+00:00 
http://localhost:8000/admin/jsi18n/, success, 2020-12-24 07:38:58.697521+00:00 
http://localhost:8000/admin/stories/recipe/3/change/, success, 2020-12-24 07:39:07.711666+00:00 
http://localhost:8000/jet/jsi18n/, success, 2020-12-24 07:39:08.068095+00:00 
http://localhost:8000/admin/jsi18n/, success, 2020-12-24 07:39:08.069357+00:00 
http://localhost:8000/rosetta/files/project/az/0/?query=Category&ref_lang=msgid&page=1, success, 2020-12-24 07:39:11.005983+00:00 
http://localhost:8000/jet/jsi18n/, success, 2020-12-24 07:39:11.134809+00:00 
http://localhost:8000/rosetta/files/project/az/0/?query=Category&ref_lang=msgid&page=1, success, 2020-12-24 07:39:11.937977+00:00 
http://localhost:8000/jet/jsi18n/, success, 2020-12-24 07:39:12.056991+00:00 
http://localhost:8000/rosetta/files/project/az/0/?query=Category&ref_lang=msgid&page=1, success, 2020-12-24 07:39:12.136601+00:00 
http://localhost:8000/jet/jsi18n/, success, 2020-12-24 07:39:12.759665+00:00 
http://localhost:8000/admin/stories/recipe/3/change/, success, 2020-12-24 07:39:13.325163+00:00 
http://localhost:8000/admin/stories/recipe/3/change/, success, 2020-12-24 07:39:13.524400+00:00 
http://localhost:8000/admin/stories/recipe/3/change/, success, 2020-12-24 07:39:13.699669+00:00 
http://localhost:8000/jet/jsi18n/, success, 2020-12-24 07:39:14.123180+00:00 
http://localhost:8000/admin/jsi18n/, success, 2020-12-24 07:39:14.126474+00:00 
http://localhost:8000/admin/stories/recipe/3/change/, success, 2020-12-24 07:39:21.911304+00:00 
http://localhost:8000/jet/jsi18n/, success, 2020-12-24 07:39:22.256047+00:00 
http://localhost:8000/admin/jsi18n/, success, 2020-12-24 07:39:22.258062+00:00 
http://localhost:8000/admin/stories/recipe/3/change/, success, 2020-12-24 07:39:22.880983+00:00 
http://localhost:8000/admin/stories/recipe/3/change/, success, 2020-12-24 07:39:23.055627+00:00 
http://localhost:8000/jet/jsi18n/, success, 2020-12-24 07:39:23.423751+00:00 
http://localhost:8000/admin/jsi18n/, success, 2020-12-24 07:39:23.424931+00:00 
http://localhost:8000/admin/stories/recipe/3/change/, success, 2020-12-24 07:39:23.593890+00:00 
http://localhost:8000/admin/jsi18n/, success, 2020-12-24 07:39:23.976708+00:00 
http://localhost:8000/jet/jsi18n/, success, 2020-12-24 07:39:23.976043+00:00 
http://localhost:8000/admin/stories/recipe/3/change/, success, 2020-12-24 07:39:24.026234+00:00 
http://localhost:8000/jet/jsi18n/, success, 2020-12-24 07:39:24.412050+00:00 
http://localhost:8000/admin/jsi18n/, success, 2020-12-24 07:39:24.412896+00:00 
http://localhost:8000/admin/stories/recipe/3/change/, success, 2020-12-24 07:39:34.002638+00:00 
http://localhost:8000/admin/stories/recipe/3/change/, success, 2020-12-24 07:39:34.146932+00:00 
http://localhost:8000/admin/stories/recipe/3/change/, success, 2020-12-24 07:39:34.284156+00:00 
http://localhost:8000/jet/jsi18n/, success, 2020-12-24 07:39:34.915798+00:00 
http://localhost:8000/admin/jsi18n/, success, 2020-12-24 07:39:34.922080+00:00 
http://localhost:8000/admin/stories/recipe/3/change/, success, 2020-12-24 07:39:36.505764+00:00 
http://localhost:8000/admin/stories/recipe/3/change/, success, 2020-12-24 07:39:36.656546+00:00 
http://localhost:8000/admin/jsi18n/, success, 2020-12-24 07:39:37.055299+00:00 
http://localhost:8000/jet/jsi18n/, success, 2020-12-24 07:39:37.054499+00:00 
http://localhost:8000/admin/stories/recipe/3/change/, success, 2020-12-24 07:39:37.558271+00:00 
http://localhost:8000/jet/jsi18n/, success, 2020-12-24 07:39:37.871457+00:00 
http://localhost:8000/admin/jsi18n/, success, 2020-12-24 07:39:37.872272+00:00 
http://localhost:8000/admin/stories/recipe/, success, 2020-12-24 07:39:39.071693+00:00 
http://localhost:8000/admin/jsi18n/, success, 2020-12-24 07:39:39.235548+00:00 
http://localhost:8000/jet/jsi18n/, success, 2020-12-24 07:39:39.236460+00:00 
http://localhost:8000/admin/stories/recipe/3/change/, success, 2020-12-24 07:39:40.601033+00:00 
http://localhost:8000/admin/jsi18n/, success, 2020-12-24 07:39:40.993388+00:00 
http://localhost:8000/jet/jsi18n/, success, 2020-12-24 07:39:40.991408+00:00 
http://localhost:8000/admin/stories/recipe/3/change/, success, 2020-12-24 07:39:48.216498+00:00 
http://localhost:8000/admin/jsi18n/, success, 2020-12-24 07:39:48.546542+00:00 
http://localhost:8000/jet/jsi18n/, success, 2020-12-24 07:39:48.545714+00:00 
http://localhost:8000/admin/stories/recipe/, success, 2020-12-24 07:39:50.524134+00:00 
http://localhost:8000/admin/jsi18n/, success, 2020-12-24 07:39:50.679270+00:00 
http://localhost:8000/jet/jsi18n/, success, 2020-12-24 07:39:50.680583+00:00 
http://localhost:8000/admin/stories/, success, 2020-12-24 07:39:52.683240+00:00 
http://localhost:8000/jet/jsi18n/, success, 2020-12-24 07:39:52.830960+00:00 
http://localhost:8000/admin/stories/category/, success, 2020-12-24 07:39:55.552815+00:00 
http://localhost:8000/admin/jsi18n/, success, 2020-12-24 07:39:55.709310+00:00 
http://localhost:8000/jet/jsi18n/, success, 2020-12-24 07:39:55.713393+00:00 
http://localhost:8000/admin/stories/, success, 2020-12-24 07:39:59.960781+00:00 
http://localhost:8000/jet/jsi18n/, success, 2020-12-24 07:40:00.117271+00:00 
http://localhost:8000/admin/stories/, success, 2020-12-24 07:40:10.470956+00:00 
http://localhost:8000/jet/jsi18n/, success, 2020-12-24 07:40:10.680905+00:00 
http://localhost:8000/admin/stories/, success, 2020-12-24 07:40:10.731020+00:00 
http://localhost:8000/jet/jsi18n/, success, 2020-12-24 07:40:10.919379+00:00 
http://localhost:8000/admin/stories/category/, success, 2020-12-24 07:40:12.913522+00:00 
http://localhost:8000/admin/jsi18n/, success, 2020-12-24 07:40:13.073899+00:00 
http://localhost:8000/jet/jsi18n/, success, 2020-12-24 07:40:13.075200+00:00 
http://localhost:8000/admin/stories/, success, 2020-12-24 07:40:14.209481+00:00 
http://localhost:8000/admin/stories/, success, 2020-12-24 07:40:19.561053+00:00 
http://localhost:8000/admin/stories/, success, 2020-12-24 07:40:19.733559+00:00 
http://localhost:8000/jet/jsi18n/, success, 2020-12-24 07:40:19.917907+00:00 
http://localhost:8000/admin/stories/recipe/, success, 2020-12-24 07:40:21.999546+00:00 
http://localhost:8000/admin/jsi18n/, success, 2020-12-24 07:40:22.166463+00:00 
http://localhost:8000/jet/jsi18n/, success, 2020-12-24 07:40:22.167559+00:00 
http://localhost:8000/admin/stories/recipe/3/change/, success, 2020-12-24 07:40:23.094472+00:00 
http://localhost:8000/jet/jsi18n/, success, 2020-12-24 07:40:23.475066+00:00 
http://localhost:8000/admin/jsi18n/, success, 2020-12-24 07:40:23.476450+00:00 
http://localhost:8000/admin/stories/recipe/3/change/, success, 2020-12-24 07:40:52.588154+00:00 
http://localhost:8000/jet/jsi18n/, success, 2020-12-24 07:40:53.118392+00:00 
http://localhost:8000/admin/jsi18n/, success, 2020-12-24 07:40:53.122782+00:00 
http://localhost:8000/admin/stories/recipe/3/change/, success, 2020-12-24 07:40:53.741339+00:00 
http://localhost:8000/jet/jsi18n/, success, 2020-12-24 07:40:54.063269+00:00 
http://localhost:8000/admin/jsi18n/, success, 2020-12-24 07:40:54.064109+00:00 
http://localhost:8000/admin/stories/recipe/3/change/, success, 2020-12-24 07:40:54.817629+00:00 
http://localhost:8000/jet/jsi18n/, success, 2020-12-24 07:40:55.163542+00:00 
http://localhost:8000/admin/jsi18n/, success, 2020-12-24 07:40:55.166972+00:00 
http://localhost:8000/rosetta/files/project/az/0/?ref_lang=msgid&msg_filter=all, success, 2020-12-24 07:41:39.607256+00:00 
http://localhost:8000/jet/jsi18n/, success, 2020-12-24 07:41:39.835858+00:00 
http://localhost:8000/rosetta/files/project/az/0/?query=Tags&s=Go, success, 2020-12-24 07:41:44.403753+00:00 
http://localhost:8000/jet/jsi18n/, success, 2020-12-24 07:41:44.521983+00:00 
http://localhost:8000/rosetta/files/project/az/0/?query=Tags&s=Go, success, 2020-12-24 07:41:53.401178+00:00 
http://localhost:8000/rosetta/files/project/az/0/?query=Tags&ref_lang=msgid&page=1, success, 2020-12-24 07:41:53.468507+00:00 
http://localhost:8000/jet/jsi18n/, success, 2020-12-24 07:41:53.690803+00:00 
http://localhost:8000/rosetta/files/project/az/0/?query=Tag&s=Go, success, 2020-12-24 07:41:56.130813+00:00 
http://localhost:8000/jet/jsi18n/, success, 2020-12-24 07:41:56.261057+00:00 
http://localhost:8000/rosetta/files/project/az/0/?query=Tag&s=Go, success, 2020-12-24 07:41:59.797536+00:00 
http://localhost:8000/rosetta/files/project/az/0/?query=Tag&ref_lang=msgid&page=1, success, 2020-12-24 07:41:59.864874+00:00 
http://localhost:8000/jet/jsi18n/, success, 2020-12-24 07:42:00.019126+00:00 
http://localhost:8000/rosetta/files/project/az/0/?query=Tag&ref_lang=msgid&page=1, success, 2020-12-24 07:42:28.827458+00:00 
http://localhost:8000/jet/jsi18n/, success, 2020-12-24 07:42:28.974090+00:00 
http://localhost:8000/admin/stories/recipe/3/change/, success, 2020-12-24 07:42:32.079207+00:00 
http://localhost:8000/jet/jsi18n/, success, 2020-12-24 07:42:32.428112+00:00 
http://localhost:8000/admin/jsi18n/, success, 2020-12-24 07:42:32.429312+00:00 
http://localhost:8000/admin/stories/, success, 2020-12-24 07:42:37.406556+00:00 
http://localhost:8000/jet/jsi18n/, success, 2020-12-24 07:42:37.544982+00:00 
http://localhost:8000/admin/stories/tag/, success, 2020-12-24 07:42:38.854104+00:00 
http://localhost:8000/admin/jsi18n/, success, 2020-12-24 07:42:39.007540+00:00 
http://localhost:8000/jet/jsi18n/, success, 2020-12-24 07:42:39.009074+00:00 
http://localhost:8000/admin/stories/tag/, success, 2020-12-24 07:42:49.054500+00:00 
http://localhost:8000/admin/jsi18n/, success, 2020-12-24 07:42:49.244383+00:00 
http://localhost:8000/jet/jsi18n/, success, 2020-12-24 07:42:49.245556+00:00 
http://localhost:8000/admin/stories/tag/, success, 2020-12-24 07:42:50.137704+00:00 
http://localhost:8000/admin/jsi18n/, success, 2020-12-24 07:42:50.292708+00:00 
http://localhost:8000/jet/jsi18n/, success, 2020-12-24 07:42:50.293725+00:00 
http://localhost:8000/admin/stories/tag/, success, 2020-12-24 07:42:50.808530+00:00 
http://localhost:8000/jet/jsi18n/, success, 2020-12-24 07:42:50.944874+00:00 
http://localhost:8000/admin/jsi18n/, success, 2020-12-24 07:42:50.944090+00:00 
http://localhost:8000/admin/stories/tag/, success, 2020-12-24 07:42:54.269184+00:00 
http://localhost:8000/admin/stories/tag/, success, 2020-12-24 07:42:55.496154+00:00 
http://localhost:8000/admin/jsi18n/, success, 2020-12-24 07:42:55.723573+00:00 
http://localhost:8000/jet/jsi18n/, success, 2020-12-24 07:42:55.724871+00:00 
http://localhost:8000/admin/stories/tag/, success, 2020-12-24 07:42:56.195128+00:00 
http://localhost:8000/admin/jsi18n/, success, 2020-12-24 07:42:56.334541+00:00 
http://localhost:8000/jet/jsi18n/, success, 2020-12-24 07:42:56.335440+00:00 
http://localhost:8000/admin/stories/tag/, success, 2020-12-24 07:42:56.482906+00:00 
http://localhost:8000/jet/jsi18n/, success, 2020-12-24 07:42:56.629518+00:00 
http://localhost:8000/admin/jsi18n/, success, 2020-12-24 07:42:56.628798+00:00 
http://localhost:8000/admin/stories/tag/, success, 2020-12-24 07:42:56.662099+00:00 
http://localhost:8000/admin/jsi18n/, success, 2020-12-24 07:42:56.842480+00:00 
http://localhost:8000/jet/jsi18n/, success, 2020-12-24 07:42:56.843268+00:00 
http://localhost:8000/admin/stories/tag/, success, 2020-12-24 07:42:57.734457+00:00 
http://localhost:8000/jet/jsi18n/, success, 2020-12-24 07:42:57.911349+00:00 
http://localhost:8000/admin/jsi18n/, success, 2020-12-24 07:42:57.909936+00:00 
http://localhost:8000/admin/stories/tag/, success, 2020-12-24 07:43:06.544217+00:00 
http://localhost:8000/admin/jsi18n/, success, 2020-12-24 07:43:06.722363+00:00 
http://localhost:8000/jet/jsi18n/, success, 2020-12-24 07:43:06.727424+00:00 
http://localhost:8000/admin/stories/tag/, success, 2020-12-24 07:43:06.963830+00:00 
http://localhost:8000/admin/jsi18n/, success, 2020-12-24 07:43:07.121723+00:00 
http://localhost:8000/jet/jsi18n/, success, 2020-12-24 07:43:07.122416+00:00 
http://localhost:8000/admin/stories/tag/, success, 2020-12-24 07:43:07.299754+00:00 
http://localhost:8000/admin/jsi18n/, success, 2020-12-24 07:43:07.451503+00:00 
http://localhost:8000/jet/jsi18n/, success, 2020-12-24 07:43:07.452149+00:00 
http://localhost:8000/admin/stories/tag/, success, 2020-12-24 07:43:07.481063+00:00 
http://localhost:8000/admin/jsi18n/, success, 2020-12-24 07:43:07.650469+00:00 
http://localhost:8000/jet/jsi18n/, success, 2020-12-24 07:43:07.651234+00:00 
http://localhost:8000/admin/stories/tag/, success, 2020-12-24 07:43:08.965660+00:00 
http://localhost:8000/admin/jsi18n/, success, 2020-12-24 07:43:09.152927+00:00 
http://localhost:8000/jet/jsi18n/, success, 2020-12-24 07:43:09.159038+00:00 
http://localhost:8000/admin/stories/tag/, success, 2020-12-24 07:43:09.187442+00:00 
http://localhost:8000/jet/jsi18n/, success, 2020-12-24 07:43:09.411518+00:00 
http://localhost:8000/admin/jsi18n/, success, 2020-12-24 07:43:09.410242+00:00 
http://localhost:8000/admin/stories/tag/, success, 2020-12-24 07:43:09.421160+00:00 
http://localhost:8000/admin/jsi18n/, success, 2020-12-24 07:43:09.639929+00:00 
http://localhost:8000/jet/jsi18n/, success, 2020-12-24 07:43:09.640999+00:00 
http://localhost:8000/admin/, success, 2020-12-24 07:43:30.255302+00:00 
http://localhost:8000/jet/jsi18n/, success, 2020-12-24 07:43:30.471402+00:00 
http://localhost:8000/jet/dashboard/load_dashboard_module/11/, success, 2020-12-24 07:43:30.628495+00:00 
http://localhost:8000/admin/stories/tag/, success, 2020-12-24 07:43:34.363966+00:00 
http://localhost:8000/jet/jsi18n/, success, 2020-12-24 07:43:34.523756+00:00 
http://localhost:8000/admin/jsi18n/, success, 2020-12-24 07:43:34.525282+00:00 
http://localhost:8000/admin/stories/tag/, success, 2020-12-24 07:45:10.341926+00:00 
http://localhost:8000/jet/jsi18n/, success, 2020-12-24 07:45:10.588072+00:00 
http://localhost:8000/admin/jsi18n/, success, 2020-12-24 07:45:10.595388+00:00 
http://localhost:8000/admin/stories/tag/, success, 2020-12-24 07:45:11.390389+00:00 
http://localhost:8000/admin/jsi18n/, success, 2020-12-24 07:45:11.534455+00:00 
http://localhost:8000/jet/jsi18n/, success, 2020-12-24 07:45:11.535127+00:00 
http://localhost:8000/admin/stories/tag/, success, 2020-12-24 07:45:12.664634+00:00 
http://localhost:8000/admin/jsi18n/, success, 2020-12-24 07:45:12.836382+00:00 
http://localhost:8000/jet/jsi18n/, success, 2020-12-24 07:45:12.837857+00:00 
http://localhost:8000/admin/stories/tag/, success, 2020-12-24 07:45:17.969615+00:00 
http://localhost:8000/admin/stories/tag/, success, 2020-12-24 07:45:18.156643+00:00 
http://localhost:8000/admin/stories/tag/, success, 2020-12-24 07:45:18.311045+00:00 
http://localhost:8000/admin/stories/tag/, success, 2020-12-24 07:45:18.427846+00:00 
http://localhost:8000/admin/stories/tag/, success, 2020-12-24 07:45:18.586551+00:00 
http://localhost:8000/jet/jsi18n/, success, 2020-12-24 07:45:19.309594+00:00 
http://localhost:8000/admin/jsi18n/, success, 2020-12-24 07:45:19.312365+00:00 
http://localhost:8000/admin/stories/tag/, success, 2020-12-24 07:45:28.205819+00:00 
http://localhost:8000/admin/jsi18n/, success, 2020-12-24 07:45:28.443884+00:00 
http://localhost:8000/jet/jsi18n/, success, 2020-12-24 07:45:28.445444+00:00 
http://localhost:8000/admin/stories/tag/, success, 2020-12-24 07:45:28.525793+00:00 
http://localhost:8000/admin/stories/tag/, success, 2020-12-24 07:45:28.695319+00:00 
http://localhost:8000/admin/stories/tag/, success, 2020-12-24 07:45:28.822199+00:00 
http://localhost:8000/admin/jsi18n/, success, 2020-12-24 07:45:28.981486+00:00 
http://localhost:8000/jet/jsi18n/, success, 2020-12-24 07:45:28.983107+00:00 
http://localhost:8000/admin/stories/tag/, success, 2020-12-24 07:45:29.009343+00:00 
http://localhost:8000/admin/jsi18n/, success, 2020-12-24 07:45:29.176226+00:00 
http://localhost:8000/jet/jsi18n/, success, 2020-12-24 07:45:29.177693+00:00 
http://localhost:8000/admin/stories/tag/, success, 2020-12-24 07:45:29.194538+00:00 
http://localhost:8000/admin/stories/tag/, success, 2020-12-24 07:45:29.323299+00:00 
http://localhost:8000/admin/stories/tag/, success, 2020-12-24 07:45:29.451404+00:00 
http://localhost:8000/admin/jsi18n/, success, 2020-12-24 07:45:29.616582+00:00 
http://localhost:8000/jet/jsi18n/, success, 2020-12-24 07:45:29.618074+00:00 
http://localhost:8000/admin/stories/tag/, success, 2020-12-24 07:45:31.218528+00:00 
http://localhost:8000/jet/jsi18n/, success, 2020-12-24 07:45:31.386900+00:00 
http://localhost:8000/admin/jsi18n/, success, 2020-12-24 07:45:31.385294+00:00 
http://localhost:8000/admin/stories/tag/, success, 2020-12-24 07:52:11.433381+00:00 
http://localhost:8000/jet/jsi18n/, success, 2020-12-24 07:52:11.634992+00:00 
http://localhost:8000/admin/jsi18n/, success, 2020-12-24 07:52:11.637233+00:00 
http://localhost:8000/admin/stories/tag/, success, 2020-12-24 07:52:13.310040+00:00 
http://localhost:8000/jet/jsi18n/, success, 2020-12-24 07:52:13.456630+00:00 
http://localhost:8000/admin/jsi18n/, success, 2020-12-24 07:52:13.455755+00:00 
http://localhost:8000/admin/stories/author/, success, 2020-12-24 07:53:55.603330+00:00 
http://localhost:8000/admin/jsi18n/, success, 2020-12-24 07:53:55.778623+00:00 
http://localhost:8000/jet/jsi18n/, success, 2020-12-24 07:53:55.780841+00:00 
http://localhost:8000/admin/stories/author/2/change/, success, 2020-12-24 07:53:56.927806+00:00 
http://localhost:8000/admin/jsi18n/, success, 2020-12-24 07:53:57.086420+00:00 
http://localhost:8000/jet/jsi18n/, success, 2020-12-24 07:53:57.085280+00:00 
http://localhost:8000/admin/stories/author/2/change/, success, 2020-12-24 07:56:09.697385+00:00 
http://localhost:8000/jet/jsi18n/, success, 2020-12-24 07:56:09.926011+00:00 
http://localhost:8000/admin/jsi18n/, success, 2020-12-24 07:56:09.928011+00:00 
http://localhost:8000/admin/stories/author/2/change/, success, 2020-12-24 07:56:10.791092+00:00 
http://localhost:8000/jet/jsi18n/, success, 2020-12-24 07:56:10.945727+00:00 
http://localhost:8000/admin/jsi18n/, success, 2020-12-24 07:56:10.948361+00:00 
http://localhost:8000/admin/stories/author/2/change/, success, 2020-12-24 07:56:12.061708+00:00 
http://localhost:8000/jet/jsi18n/, success, 2020-12-24 07:56:12.231956+00:00 
http://localhost:8000/admin/jsi18n/, success, 2020-12-24 07:56:12.234915+00:00 
http://localhost:8000/admin/stories/author/2/change/, success, 2020-12-24 07:56:26.294480+00:00 
http://localhost:8000/jet/jsi18n/, success, 2020-12-24 07:56:26.471762+00:00 
http://localhost:8000/admin/jsi18n/, success, 2020-12-24 07:56:26.472685+00:00 
http://localhost:8000/admin/stories/author/2/change/, success, 2020-12-24 07:58:42.364035+00:00 
http://localhost:8000/jet/jsi18n/, success, 2020-12-24 07:58:42.603292+00:00 
http://localhost:8000/admin/jsi18n/, success, 2020-12-24 07:58:42.605247+00:00 
http://localhost:8000/admin/stories/author/2/change/, success, 2020-12-24 07:58:56.155145+00:00 
http://localhost:8000/admin/jsi18n/, success, 2020-12-24 07:58:56.375552+00:00 
http://localhost:8000/jet/jsi18n/, success, 2020-12-24 07:58:56.376049+00:00 
http://localhost:8000/admin/stories/author/2/change/, success, 2020-12-24 07:59:04.610858+00:00 
http://localhost:8000/jet/jsi18n/, success, 2020-12-24 07:59:04.805070+00:00 
http://localhost:8000/admin/jsi18n/, success, 2020-12-24 07:59:04.805416+00:00 
http://localhost:8000/admin/stories/author/2/change/, success, 2020-12-24 07:59:05.501320+00:00 
http://localhost:8000/jet/jsi18n/, success, 2020-12-24 07:59:05.657935+00:00 
http://localhost:8000/admin/jsi18n/, success, 2020-12-24 07:59:05.658437+00:00 
http://localhost:8000/admin/stories/author/2/change/, success, 2020-12-24 07:59:12.244880+00:00 
http://localhost:8000/admin/jsi18n/, success, 2020-12-24 07:59:12.480663+00:00 
http://localhost:8000/jet/jsi18n/, success, 2020-12-24 07:59:12.480982+00:00 
http://localhost:8000/admin/stories/author/2/change/, success, 2020-12-24 07:59:16.363335+00:00 
http://localhost:8000/admin/stories/author/2/change/, success, 2020-12-24 07:59:17.525695+00:00 
http://localhost:8000/jet/jsi18n/, success, 2020-12-24 07:59:17.707774+00:00 
http://localhost:8000/admin/jsi18n/, success, 2020-12-24 07:59:17.709412+00:00 
http://localhost:8000/admin/stories/author/2/change/, success, 2020-12-24 08:01:21.145655+00:00 
http://localhost:8000/jet/jsi18n/, success, 2020-12-24 08:01:21.450815+00:00 
http://localhost:8000/admin/jsi18n/, success, 2020-12-24 08:01:21.454462+00:00 
http://localhost:8000/admin/stories/, success, 2020-12-24 08:01:25.204846+00:00 
http://localhost:8000/jet/jsi18n/, success, 2020-12-24 08:01:25.355271+00:00 
http://localhost:8000/admin/stories/author/, success, 2020-12-24 08:01:35.760365+00:00 
http://localhost:8000/admin/jsi18n/, success, 2020-12-24 08:01:35.912614+00:00 
http://localhost:8000/jet/jsi18n/, success, 2020-12-24 08:01:35.916637+00:00 
http://localhost:8000/admin/stories/author/1/change/, success, 2020-12-24 08:01:36.868786+00:00 
http://localhost:8000/jet/jsi18n/, success, 2020-12-24 08:01:37.034886+00:00 
http://localhost:8000/admin/jsi18n/, success, 2020-12-24 08:01:37.036030+00:00 
http://localhost:8000/admin/stories/author/1/change/, success, 2020-12-24 08:01:46.206955+00:00 
http://localhost:8000/jet/jsi18n/, success, 2020-12-24 08:01:46.495910+00:00 
http://localhost:8000/admin/jsi18n/, success, 2020-12-24 08:01:46.497643+00:00 
http://localhost:8000/admin/stories/author/1/change/, success, 2020-12-24 08:01:52.114520+00:00 
http://localhost:8000/admin/stories/author/1/change/, success, 2020-12-24 08:01:53.148077+00:00 
http://localhost:8000/jet/jsi18n/, success, 2020-12-24 08:01:53.417965+00:00 
http://localhost:8000/admin/jsi18n/, success, 2020-12-24 08:01:53.419761+00:00 
http://localhost:8000/admin/stories/author/1/change/, success, 2020-12-24 08:02:01.768277+00:00 
http://localhost:8000/admin/jsi18n/, success, 2020-12-24 08:02:01.950456+00:00 
http://localhost:8000/jet/jsi18n/, success, 2020-12-24 08:02:01.948921+00:00 
http://localhost:8000/admin/stories/author/1/change/, success, 2020-12-24 08:02:05.408229+00:00 
http://localhost:8000/jet/jsi18n/, success, 2020-12-24 08:02:05.581238+00:00 
http://localhost:8000/admin/jsi18n/, success, 2020-12-24 08:02:05.582022+00:00 
http://localhost:8000/admin/stories/author/1/change/, success, 2020-12-24 08:02:07.525056+00:00 
http://localhost:8000/admin/jsi18n/, success, 2020-12-24 08:02:07.766014+00:00 
http://localhost:8000/jet/jsi18n/, success, 2020-12-24 08:02:07.764430+00:00 
http://localhost:8000/admin/stories/recipe/, success, 2020-12-24 08:02:22.070351+00:00 
http://localhost:8000/admin/jsi18n/, success, 2020-12-24 08:02:22.388693+00:00 
http://localhost:8000/jet/jsi18n/, success, 2020-12-24 08:02:22.391044+00:00 
http://localhost:8000/az/, success, 2020-12-24 08:02:34.811249+00:00 
http://localhost:8000/i18n/setlang/, success, 2020-12-24 08:02:37.656758+00:00 
http://localhost:8000/admin/, success, 2020-12-25 05:50:06.754582+00:00 
http://localhost:8000/admin/login/?next=/admin/, success, 2020-12-25 05:50:06.794234+00:00 
http://localhost:8000/jet/jsi18n/, success, 2020-12-25 05:50:06.987270+00:00 
http://localhost:8000/admin/login/?next=/admin/, success, 2020-12-25 05:50:08.474043+00:00 
http://localhost:8000/jet/jsi18n/, success, 2020-12-25 05:50:08.548565+00:00 
http://localhost:8000/admin/login/?next=/admin/, success, 2020-12-25 05:50:13.170975+00:00 
http://localhost:8000/admin/, success, 2020-12-25 05:50:13.410050+00:00 
http://localhost:8000/jet/jsi18n/, success, 2020-12-25 05:50:13.553286+00:00 
http://localhost:8000/jet/dashboard/load_dashboard_module/11/, success, 2020-12-25 05:50:13.639460+00:00 
http://localhost:8000/admin/stories/tag/, success, 2020-12-25 05:50:24.034385+00:00 
http://localhost:8000/admin/jsi18n/, success, 2020-12-25 05:50:24.177821+00:00 
http://localhost:8000/jet/jsi18n/, success, 2020-12-25 05:50:24.178763+00:00 
http://localhost:8000/admin/stories/tag/, success, 2020-12-25 05:52:27.541430+00:00 
http://localhost:8000/admin/jsi18n/, success, 2020-12-25 05:52:27.705077+00:00 
http://localhost:8000/jet/jsi18n/, success, 2020-12-25 05:52:27.706091+00:00 
http://localhost:8000/admin/stories/tag/, success, 2020-12-25 05:52:28.670837+00:00 
http://localhost:8000/admin/jsi18n/, success, 2020-12-25 05:52:28.779538+00:00 
http://localhost:8000/jet/jsi18n/, success, 2020-12-25 05:52:28.780096+00:00 
http://localhost:8000/az/recipes/, success, 2020-12-25 05:53:30.850397+00:00 
http://localhost:8000/jsi18n/, success, 2020-12-25 05:53:30.979731+00:00 
http://localhost:8000/i18n/setlang/, success, 2020-12-25 05:53:33.775563+00:00 
http://localhost:8000/en/, success, 2020-12-25 05:54:31.228161+00:00 
http://localhost:8000/jsi18n/, success, 2020-12-25 05:54:31.322588+00:00 
http://localhost:8000/az/recipes/, success, 2020-12-25 05:55:29.266625+00:00 
http://localhost:8000/jsi18n/, success, 2020-12-25 05:55:29.395867+00:00 
http://localhost:8000/i18n/setlang/, success, 2020-12-25 05:55:30.685269+00:00 
http://localhost:8000/en/recipes/, success, 2020-12-25 05:55:30.731316+00:00 
http://localhost:8000/jsi18n/, success, 2020-12-25 05:55:30.833145+00:00 
http://localhost:8000/az/admin/, success, 2020-12-25 05:55:36.499047+00:00 
http://localhost:8000/az/jet/jsi18n/, success, 2020-12-25 05:55:36.642071+00:00 
http://localhost:8000/az/jet/dashboard/load_dashboard_module/11/, success, 2020-12-25 05:55:36.737960+00:00 
http://localhost:8000/az/admin/stories/tag/, success, 2020-12-25 05:55:43.291719+00:00 
http://localhost:8000/az/admin/jsi18n/, success, 2020-12-25 05:55:43.410423+00:00 
http://localhost:8000/az/jet/jsi18n/, success, 2020-12-25 05:55:43.413563+00:00 
http://localhost:8000/en/admin/stories/tag/, success, 2020-12-25 05:55:53.161880+00:00 
http://localhost:8000/en/admin/jsi18n/, success, 2020-12-25 05:55:53.288182+00:00 
http://localhost:8000/en/jet/jsi18n/, success, 2020-12-25 05:55:53.289123+00:00 
http://localhost:8000/az/admin/stories/tag/, success, 2020-12-25 05:55:58.051640+00:00 
http://localhost:8000/az/admin/jsi18n/, success, 2020-12-25 05:55:58.166586+00:00 
http://localhost:8000/az/jet/jsi18n/, success, 2020-12-25 05:55:58.167186+00:00 
http://localhost:8000/en/admin/, success, 2020-12-25 05:56:13.167133+00:00 
http://localhost:8000/en/jet/jsi18n/, success, 2020-12-25 05:56:13.315478+00:00 
http://localhost:8000/en/admin/, success, 2020-12-25 05:56:13.719829+00:00 
http://localhost:8000/en/jet/dashboard/load_dashboard_module/11/, success, 2020-12-25 05:56:13.961972+00:00 
http://localhost:8000/en/admin/, success, 2020-12-25 06:07:11.178840+00:00 
http://localhost:8000/en/jet/jsi18n/, success, 2020-12-25 06:07:11.483873+00:00 
http://localhost:8000/en/jet/dashboard/load_dashboard_module/11/, success, 2020-12-25 06:07:11.628593+00:00 
http://localhost:8000/en/admin/, success, 2020-12-25 06:07:15.971105+00:00 
http://localhost:8000/en/jet/jsi18n/, success, 2020-12-25 06:07:16.111073+00:00 
http://localhost:8000/en/jet/dashboard/load_dashboard_module/11/, success, 2020-12-25 06:07:16.195167+00:00 
http://localhost:8000/az/admin/, success, 2020-12-25 06:07:19.386071+00:00 
http://localhost:8000/az/jet/jsi18n/, success, 2020-12-25 06:07:19.564821+00:00 
http://localhost:8000/az/jet/dashboard/load_dashboard_module/11/, success, 2020-12-25 06:07:19.641088+00:00 
http://localhost:8000/az/admin/stories/tag/, success, 2020-12-25 06:07:27.884306+00:00 
http://localhost:8000/az/admin/jsi18n/, success, 2020-12-25 06:07:28.038648+00:00 
http://localhost:8000/az/jet/jsi18n/, success, 2020-12-25 06:07:28.042058+00:00 
http://localhost:8000/az/admin/, success, 2020-12-25 06:07:39.390686+00:00 
http://localhost:8000/az/jet/jsi18n/, success, 2020-12-25 06:07:39.519296+00:00 
http://localhost:8000/az/jet/dashboard/load_dashboard_module/11/, success, 2020-12-25 06:07:39.616418+00:00 
http://localhost:8000/en/admin/, success, 2020-12-25 06:08:43.549842+00:00 
http://localhost:8000/en/jet/jsi18n/, success, 2020-12-25 06:08:43.675525+00:00 
http://localhost:8000/en/admin/, success, 2020-12-25 06:08:44.348708+00:00 
http://localhost:8000/en/jet/dashboard/load_dashboard_module/11/, success, 2020-12-25 06:08:44.720071+00:00 
http://localhost:8000/az/admin/, success, 2020-12-25 06:08:50.353835+00:00 
http://localhost:8000/az/jet/jsi18n/, success, 2020-12-25 06:08:50.501646+00:00 
http://localhost:8000/az/jet/dashboard/load_dashboard_module/11/, success, 2020-12-25 06:08:50.584451+00:00 
http://localhost:8000/en/admin/, success, 2020-12-25 06:08:58.183641+00:00 
http://localhost:8000/en/jet/jsi18n/, success, 2020-12-25 06:08:58.337484+00:00 
http://localhost:8000/en/jet/dashboard/load_dashboard_module/11/, success, 2020-12-25 06:08:58.413920+00:00 
http://localhost:8000/en/, success, 2020-12-25 06:14:43.807089+00:00 
http://localhost:8000/jsi18n/, success, 2020-12-25 06:14:43.980027+00:00 
http://localhost:8000/en/about/, success, 2020-12-25 06:14:49.315425+00:00 
http://localhost:8000/jsi18n/, success, 2020-12-25 06:14:49.431375+00:00 
http://localhost:8000/en/admin/, success, 2020-12-25 06:17:00.489381+00:00 
http://localhost:8000/en/jet/jsi18n/, success, 2020-12-25 06:17:00.758676+00:00 
http://localhost:8000/en/jet/dashboard/load_dashboard_module/11/, success, 2020-12-25 06:17:00.893672+00:00 
http://localhost:8000/en/admin/flatpages/flatpage/, success, 2020-12-25 06:17:06.628377+00:00 
http://localhost:8000/en/admin/jsi18n/, success, 2020-12-25 06:17:06.784253+00:00 
http://localhost:8000/en/jet/jsi18n/, success, 2020-12-25 06:17:06.785546+00:00 
http://localhost:8000/en/admin/flatpages/flatpage/add/, success, 2020-12-25 06:17:08.245897+00:00 
http://localhost:8000/en/jet/jsi18n/, success, 2020-12-25 06:17:08.409058+00:00 
http://localhost:8000/en/admin/jsi18n/, success, 2020-12-25 06:17:08.413149+00:00 
http://localhost:8000/en/admin/flatpages/flatpage/add/, success, 2020-12-25 06:18:37.159369+00:00 
http://localhost:8000/en/admin/flatpages/flatpage/add/, success, 2020-12-25 06:18:37.225177+00:00 
http://localhost:8000/en/jet/jsi18n/, success, 2020-12-25 06:18:37.423316+00:00 
http://localhost:8000/en/admin/jsi18n/, success, 2020-12-25 06:18:37.427486+00:00 
http://localhost:8000/en/admin/flatpages/flatpage/add/, success, 2020-12-25 06:18:43.544904+00:00 
http://localhost:8000/en/admin/flatpages/flatpage/, success, 2020-12-25 06:18:43.668632+00:00 
http://localhost:8000/en/admin/jsi18n/, success, 2020-12-25 06:18:43.850355+00:00 
http://localhost:8000/en/jet/jsi18n/, success, 2020-12-25 06:18:43.851334+00:00 
http://localhost:8000/en/admin/flatpages/flatpage/add/, success, 2020-12-25 06:18:45.926000+00:00 
http://localhost:8000/en/jet/jsi18n/, success, 2020-12-25 06:18:46.075396+00:00 
http://localhost:8000/en/admin/jsi18n/, success, 2020-12-25 06:18:46.076267+00:00 
http://localhost:8000/en/admin/flatpages/flatpage/add/, success, 2020-12-25 06:19:13.380679+00:00 
http://localhost:8000/en/admin/flatpages/flatpage/, success, 2020-12-25 06:19:13.474277+00:00 
http://localhost:8000/en/admin/jsi18n/, success, 2020-12-25 06:19:13.634416+00:00 
http://localhost:8000/en/jet/jsi18n/, success, 2020-12-25 06:19:13.635704+00:00 
http://localhost:8000/en/about/, success, 2020-12-25 06:22:24.989854+00:00 
http://localhost:8000/jsi18n/, success, 2020-12-25 06:22:25.137485+00:00 
http://localhost:8000/en/pages/privacy-policy/, success, 2020-12-25 06:23:16.450440+00:00 
http://localhost:8000/jsi18n/, success, 2020-12-25 06:23:16.590935+00:00 
http://localhost:8000/en/pages/privacy-policy/images/bg_4.jpg, success, 2020-12-25 06:23:16.684434+00:00 
http://localhost:8000/en/pages/privacy-policy/images/bg_4.jpg, error, 2020-12-25 06:23:16.732767+00:00 
http://localhost:8000/en/, success, 2020-12-25 06:30:29.835394+00:00 
http://localhost:8000/en/, error, 2020-12-25 06:30:29.876977+00:00 
http://localhost:8000/en/, success, 2020-12-25 06:31:02.130689+00:00 
http://localhost:8000/en/, error, 2020-12-25 06:31:02.175400+00:00 
http://localhost:8000/en/, success, 2020-12-25 06:31:38.782928+00:00 
http://localhost:8000/en/, error, 2020-12-25 06:31:38.844334+00:00 
http://localhost:8000/en/, success, 2020-12-25 06:31:39.971087+00:00 
http://localhost:8000/en/, error, 2020-12-25 06:31:40.013407+00:00 
http://localhost:8000/en/, success, 2020-12-25 06:32:26.371182+00:00 
http://localhost:8000/jsi18n/, success, 2020-12-25 06:32:26.481313+00:00 
http://localhost:8000/en/, success, 2020-12-25 06:32:40.045873+00:00 
http://localhost:8000/en/, error, 2020-12-25 06:32:40.100249+00:00 
http://localhost:8000/en/, success, 2020-12-25 06:33:40.073228+00:00 
http://localhost:8000/en/, error, 2020-12-25 06:33:40.129169+00:00 
http://localhost:8000/en/, success, 2020-12-25 06:33:41.200802+00:00 
http://localhost:8000/en/, error, 2020-12-25 06:33:41.244879+00:00 
http://localhost:8000/en/, success, 2020-12-25 06:33:41.454408+00:00 
http://localhost:8000/en/, error, 2020-12-25 06:33:41.516189+00:00 
http://localhost:8000/en/, success, 2020-12-25 06:33:41.611994+00:00 
http://localhost:8000/en/, success, 2020-12-25 06:33:41.667242+00:00 
http://localhost:8000/en/, error, 2020-12-25 06:33:41.671676+00:00 
http://localhost:8000/en/, error, 2020-12-25 06:33:41.779284+00:00 
http://localhost:8000/en/, success, 2020-12-25 06:33:41.828486+00:00 
http://localhost:8000/en/, error, 2020-12-25 06:33:41.928393+00:00 
http://localhost:8000/en/, success, 2020-12-25 06:33:45.762327+00:00 
http://localhost:8000/en/, error, 2020-12-25 06:33:45.808736+00:00 
http://localhost:8000/en/, success, 2020-12-25 06:34:54.077673+00:00 
http://localhost:8000/en/, error, 2020-12-25 06:34:54.139469+00:00 
http://localhost:8000/en/, success, 2020-12-25 06:34:56.177312+00:00 
http://localhost:8000/en/, error, 2020-12-25 06:34:56.219092+00:00 
http://localhost:8000/en/, success, 2020-12-25 06:35:10.895143+00:00 
http://localhost:8000/en/, error, 2020-12-25 06:35:10.966448+00:00 
http://localhost:8000/en/admin/, success, 2020-12-25 06:35:24.148098+00:00 
http://localhost:8000/en/jet/jsi18n/, success, 2020-12-25 06:35:24.361296+00:00 
http://localhost:8000/en/jet/dashboard/load_dashboard_module/11/, success, 2020-12-25 06:35:24.486237+00:00 
http://localhost:8000/en/admin/flatpages_i18n/, success, 2020-12-25 06:35:26.472022+00:00 
http://localhost:8000/en/jet/jsi18n/, success, 2020-12-25 06:35:26.661674+00:00 
http://localhost:8000/en/admin/flatpages_i18n/flatpage_i18n/, success, 2020-12-25 06:35:29.580311+00:00 
http://localhost:8000/en/admin/jsi18n/, success, 2020-12-25 06:35:29.735498+00:00 
http://localhost:8000/en/jet/jsi18n/, success, 2020-12-25 06:35:29.738738+00:00 
http://localhost:8000/en/admin/flatpages_i18n/flatpage_i18n/add/, success, 2020-12-25 06:35:31.135494+00:00 
http://localhost:8000/en/jet/jsi18n/, success, 2020-12-25 06:35:31.335694+00:00 
http://localhost:8000/en/admin/jsi18n/, success, 2020-12-25 06:35:31.336647+00:00 
http://localhost:8000/en/admin/flatpages_i18n/flatpage_i18n/add/, success, 2020-12-25 06:36:28.440728+00:00 
http://localhost:8000/en/jet/jsi18n/, success, 2020-12-25 06:36:28.622989+00:00 
http://localhost:8000/en/admin/jsi18n/, success, 2020-12-25 06:36:28.625040+00:00 
http://localhost:8000/en/admin/flatpages_i18n/flatpage_i18n/add/, success, 2020-12-25 06:36:34.659844+00:00 
http://localhost:8000/en/admin/flatpages_i18n/flatpage_i18n/, success, 2020-12-25 06:36:34.780549+00:00 
http://localhost:8000/en/admin/jsi18n/, success, 2020-12-25 06:36:34.936127+00:00 
http://localhost:8000/en/jet/jsi18n/, success, 2020-12-25 06:36:34.937110+00:00 
http://localhost:8000/en/, success, 2020-12-25 06:36:37.907960+00:00 
http://localhost:8000/en/, error, 2020-12-25 06:36:37.955090+00:00 
http://localhost:8000/en/, success, 2020-12-25 06:36:38.995603+00:00 
http://localhost:8000/en/, error, 2020-12-25 06:36:39.043591+00:00 
http://localhost:8000/en/, success, 2020-12-25 06:36:41.180333+00:00 
http://localhost:8000/en/, error, 2020-12-25 06:36:41.220700+00:00 
http://localhost:8000/en/, success, 2020-12-25 06:36:43.077263+00:00 
http://localhost:8000/en/, error, 2020-12-25 06:36:43.160260+00:00 
http://localhost:8000/en/admin/flatpages_i18n/menuitem/, success, 2020-12-25 06:36:51.507174+00:00 
http://localhost:8000/en/admin/jsi18n/, success, 2020-12-25 06:36:51.674102+00:00 
http://localhost:8000/en/jet/jsi18n/, success, 2020-12-25 06:36:51.678789+00:00 
http://localhost:8000/en/admin/flatpages_i18n/menuitem/add/, success, 2020-12-25 06:36:53.218171+00:00 
http://localhost:8000/en/jet/jsi18n/, success, 2020-12-25 06:36:53.439128+00:00 
http://localhost:8000/en/admin/jsi18n/, success, 2020-12-25 06:36:53.440246+00:00 
http://localhost:8000/en/admin/flatpages_i18n/menuitem/add/, success, 2020-12-25 06:37:14.639287+00:00 
http://localhost:8000/en/admin/jsi18n/, success, 2020-12-25 06:37:14.962474+00:00 
http://localhost:8000/en/jet/jsi18n/, success, 2020-12-25 06:37:14.960777+00:00 
http://localhost:8000/en/admin/flatpages_i18n/menu/add/?_to_field=id&_popup=1, success, 2020-12-25 06:37:17.558053+00:00 
http://localhost:8000/en/admin/jsi18n/, success, 2020-12-25 06:37:17.656183+00:00 
http://localhost:8000/en/jet/jsi18n/, success, 2020-12-25 06:37:17.655270+00:00 
http://localhost:8000/en/admin/flatpages_i18n/menu/add/?_to_field=id&_popup=1, success, 2020-12-25 06:37:20.554693+00:00 
http://localhost:8000/en/admin/flatpages_i18n/menuitem/add/, success, 2020-12-25 06:37:22.027350+00:00 
http://localhost:8000/en/admin/flatpages_i18n/menuitem/, success, 2020-12-25 06:37:22.143651+00:00 
http://localhost:8000/en/admin/jsi18n/, success, 2020-12-25 06:37:22.354934+00:00 
http://localhost:8000/en/jet/jsi18n/, success, 2020-12-25 06:37:22.356907+00:00 
http://localhost:8000/en/, success, 2020-12-25 06:37:24.067501+00:00 
http://localhost:8000/en/, error, 2020-12-25 06:37:24.111538+00:00 
http://localhost:8000/en/, success, 2020-12-25 06:38:12.386630+00:00 
http://localhost:8000/en/, error, 2020-12-25 06:38:12.419112+00:00 
http://localhost:8000/en/, success, 2020-12-25 06:38:32.380880+00:00 
http://localhost:8000/en/, error, 2020-12-25 06:38:32.426223+00:00 
http://localhost:8000/en/, success, 2020-12-25 06:38:48.384426+00:00 
http://localhost:8000/jsi18n/, success, 2020-12-25 06:38:48.500760+00:00 
http://localhost:8000/en/admin/flatpages_i18n/menuitem/, success, 2020-12-25 06:39:23.585178+00:00 
http://localhost:8000/en/admin/jsi18n/, success, 2020-12-25 06:39:23.825449+00:00 
http://localhost:8000/en/jet/jsi18n/, success, 2020-12-25 06:39:23.829057+00:00 
http://localhost:8000/en/, success, 2020-12-25 06:39:35.753804+00:00 
http://localhost:8000/en/, error, 2020-12-25 06:39:35.801707+00:00 
http://localhost:8000/en/, success, 2020-12-25 06:40:51.618260+00:00 
http://localhost:8000/jsi18n/, success, 2020-12-25 06:40:51.724323+00:00 
http://localhost:8000/en/, success, 2020-12-25 06:42:02.327366+00:00 
http://localhost:8000/jsi18n/, success, 2020-12-25 06:42:02.448578+00:00 
http://localhost:8000/en/api/v1.0/recipes/, success, 2020-12-25 07:20:55.898554+00:00 
http://localhost:8000/en/api/v1.0/recipes/, success, 2020-12-25 07:21:37.942158+00:00 
http://localhost:8000/en/api/v1.0/recipes/, success, 2020-12-25 07:25:23.247119+00:00 
http://localhost:8000/en/api/v1.0/recipes/, success, 2020-12-25 07:28:42.609196+00:00 
http://localhost:8000/en/api/v1.0/recipes/, success, 2020-12-25 07:29:00.304448+00:00 
http://localhost:8000/en/api/v1.0/recipes/, success, 2020-12-25 07:30:28.916227+00:00 
http://localhost:8000/en/api/v1.0/recipes/, success, 2020-12-25 07:41:26.757188+00:00 
http://localhost:8000/en/api/v1.0/recipes/, success, 2020-12-25 07:41:43.465839+00:00 
http://localhost:8000/en/api/v1.0/recipes/, success, 2020-12-25 07:41:49.598662+00:00 
http://localhost:8000/az/api/v1.0/recipes/, success, 2020-12-25 07:41:57.910777+00:00 
http://localhost:8000/en/api/v1.0/recipes/, success, 2020-12-25 07:42:07.653983+00:00 
http://localhost:8000/en/api/v1.0/recipes/, success, 2020-12-25 07:42:18.779224+00:00 
http://localhost:8000/en/api/v1.0/recipes/, success, 2020-12-25 07:42:27.686226+00:00 
http://localhost:8000/en/api/v1.0/recipes/, success, 2020-12-25 07:43:26.633902+00:00 
http://localhost:8000/en/api/v1.0/recipes/, success, 2020-12-25 07:43:51.963759+00:00 
http://localhost:8000/en/admin/, success, 2020-12-25 07:44:12.201581+00:00 
http://localhost:8000/en/jet/jsi18n/, success, 2020-12-25 07:44:12.543817+00:00 
http://localhost:8000/en/jet/dashboard/load_dashboard_module/11/, success, 2020-12-25 07:44:12.720000+00:00 
http://localhost:8000/en/admin/stories/tag/, success, 2020-12-25 07:44:18.891501+00:00 
http://localhost:8000/en/admin/jsi18n/, success, 2020-12-25 07:44:19.054599+00:00 
http://localhost:8000/en/jet/jsi18n/, success, 2020-12-25 07:44:19.056875+00:00 
http://localhost:8000/en/admin/stories/tag/add/, success, 2020-12-25 07:44:20.444573+00:00 
http://localhost:8000/en/jet/jsi18n/, success, 2020-12-25 07:44:20.583178+00:00 
http://localhost:8000/en/admin/jsi18n/, success, 2020-12-25 07:44:20.584750+00:00 
http://localhost:8000/en/admin/stories/tag/add/, success, 2020-12-25 07:44:23.461507+00:00 
http://localhost:8000/en/admin/stories/tag/, success, 2020-12-25 07:44:23.536122+00:00 
http://localhost:8000/en/admin/jsi18n/, success, 2020-12-25 07:44:23.716617+00:00 
http://localhost:8000/en/jet/jsi18n/, success, 2020-12-25 07:44:23.720993+00:00 
http://localhost:8000/en/api/v1.0/recipes/, success, 2020-12-25 07:44:25.589900+00:00 
http://localhost:8000/en/api/v1.0/recipes/, success, 2020-12-25 07:46:11.954897+00:00 
